<?xml version="1.0" encoding="UTF-8"?>
<testsuite xmlns:xsi="http://www.w3.org/2001/XMLSchema-instance" xsi:noNamespaceSchemaLocation="https://maven.apache.org/surefire/maven-surefire-plugin/xsd/surefire-test-report-3.0.xsd" version="3.0" name="org.example.BlackJackTest" time="4.331" tests="4" errors="0" skipped="0" failures="0">
  <properties>
[...]
</properties>
  <testcase name="testGiocatoreHaPerso" classname="org.example.BlackJackTest" time="4.046">
    <system-out><![CDATA[2023-06-20 21:36:47,416 [main] INFO  Found kmodule: file:/mnt/c/Users/pinna/Documents/github/prova/my-project/target/classes/META-INF/kmodule.xml
2023-06-20 21:36:48,149 [main] WARN  Unable to find pom.properties in /mnt/c/Users/pinna/Documents/github/prova/my-project/target/classes
2023-06-20 21:36:48,190 [main] INFO  Recursed up folders, found and used pom.xml /mnt/c/Users/pinna/Documents/github/prova/my-project/pom.xml
2023-06-20 21:36:48,208 [main] INFO  Creating KieModule for artifact org.example:my-project:1.0-SNAPSHOT
2023-06-20 21:36:48,250 [main] INFO  Artifact org.example:my-project:1.0-SNAPSHOT has executable model
2023-06-20 21:36:48,299 [main] INFO  Start creation of KieBase: defaultKieBase
2023-06-20 21:36:50,158 [main] INFO  End creation of KieBase: defaultKieBase
Il giocatore ha perso.
]]></system-out>
  </testcase>
  <testcase name="testGiocatoreHaVinto" classname="org.example.BlackJackTest" time="0">
    <system-out><![CDATA[Il giocatore ha vinto!
]]></system-out>
  </testcase>
  <testcase name="testCasaHaPerso" classname="org.example.BlackJackTest" time="0.001">
    <system-out><![CDATA[La casa ha perso.
]]></system-out>
  </testcase>
  <testcase name="testCasaHaVinto" classname="org.example.BlackJackTest" time="0.001">
    <system-out><![CDATA[La casa ha vinto!
]]></system-out>
  </testcase>
</testsuite>